# JRE version: Java(TM) SE Runtime Environment (17.0.12+8) (build 17.0.12+8-LTS-286)
# Java VM: Java HotSpot(TM) 64-Bit Server VM (17.0.12+8-LTS-286, mixed mode, sharing, tiered, compressed oops, compressed class ptrs, g1 gc, windows-amd64)
GC Precious Log:
 CPUs: 4 total, 4 available
 Memory: 7792M
 Large Page Support: Disabled
 NUMA Support: Disabled
 Compressed Oops: Enabled (Zero based)
 Heap Region Size: 2M
 Heap Min Capacity: 8M
 Heap Initial Capacity: 122M
 Heap Max Capacity: 4G
 Pre-touch: Disabled
 Parallel Workers: 4
 Concurrent Workers: 1
 Concurrent Refinement Workers: 4
 Periodic GC: Disabled
Heap:
 garbage-first heap   total 690176K, used 508822K [0x0000000700000000, 0x0000000800000000)
  region size 2048K, 36 young (73728K), 8 survivors (16384K)
 Metaspace       used 163697K, committed 165248K, reserved 1245184K
  class space    used 21133K, committed 21824K, reserved 1048576K
GC Heap History (20 events):
Event: 292.887 GC heap before
{Heap before GC invocations=129 (full 0):
 garbage-first heap   total 542720K, used 475377K [0x0000000700000000, 0x0000000800000000)
  region size 2048K, 64 young (131072K), 4 survivors (8192K)
 Metaspace       used 160143K, committed 161536K, reserved 1245184K
  class space    used 20724K, committed 21312K, reserved 1048576K
}
Event: 292.905 GC heap after
{Heap after GC invocations=130 (full 0):
 garbage-first heap   total 542720K, used 353586K [0x0000000700000000, 0x0000000800000000)
  region size 2048K, 5 young (10240K), 5 survivors (10240K)
 Metaspace       used 160143K, committed 161536K, reserved 1245184K
  class space    used 20724K, committed 21312K, reserved 1048576K
}
Event: 296.944 GC heap before
{Heap before GC invocations=130 (full 0):
 garbage-first heap   total 542720K, used 478514K [0x0000000700000000, 0x0000000800000000)
  region size 2048K, 64 young (131072K), 5 survivors (10240K)
 Metaspace       used 160225K, committed 161600K, reserved 1245184K
  class space    used 20724K, committed 21312K, reserved 1048576K
}
Event: 296.971 GC heap after
{Heap after GC invocations=131 (full 0):
 garbage-first heap   total 542720K, used 357698K [0x0000000700000000, 0x0000000800000000)
  region size 2048K, 7 young (14336K), 7 survivors (14336K)
 Metaspace       used 160225K, committed 161600K, reserved 1245184K
  class space    used 20724K, committed 21312K, reserved 1048576K
}
Event: 299.075 GC heap before
{Heap before GC invocations=131 (full 0):
 garbage-first heap   total 542720K, used 488770K [0x0000000700000000, 0x0000000800000000)
  region size 2048K, 61 young (124928K), 7 survivors (14336K)
 Metaspace       used 160809K, committed 162176K, reserved 1245184K
  class space    used 20806K, committed 21376K, reserved 1048576K
}
Event: 299.107 GC heap after
{Heap after GC invocations=132 (full 0):
 garbage-first heap   total 542720K, used 386282K [0x0000000700000000, 0x0000000800000000)
  region size 2048K, 8 young (16384K), 8 survivors (16384K)
 Metaspace       used 160809K, committed 162176K, reserved 1245184K
  class space    used 20806K, committed 21376K, reserved 1048576K
}
Event: 302.053 GC heap before
{Heap before GC invocations=132 (full 0):
 garbage-first heap   total 542720K, used 466154K [0x0000000700000000, 0x0000000800000000)
  region size 2048K, 46 young (94208K), 8 survivors (16384K)
 Metaspace       used 161331K, committed 162688K, reserved 1245184K
  class space    used 20851K, committed 21440K, reserved 1048576K
}
Event: 302.116 GC heap after
{Heap after GC invocations=133 (full 0):
 garbage-first heap   total 542720K, used 397666K [0x0000000700000000, 0x0000000800000000)
  region size 2048K, 6 young (12288K), 6 survivors (12288K)
 Metaspace       used 161331K, committed 162688K, reserved 1245184K
  class space    used 20851K, committed 21440K, reserved 1048576K
}
Event: 303.095 GC heap before
{Heap before GC invocations=133 (full 0):
 garbage-first heap   total 542720K, used 452962K [0x0000000700000000, 0x0000000800000000)
  region size 2048K, 33 young (67584K), 6 survivors (12288K)
 Metaspace       used 161723K, committed 163200K, reserved 1245184K
  class space    used 20904K, committed 21568K, reserved 1048576K
}
Event: 303.170 GC heap after
{Heap after GC invocations=134 (full 0):
 garbage-first heap   total 542720K, used 420451K [0x0000000700000000, 0x0000000800000000)
  region size 2048K, 5 young (10240K), 5 survivors (10240K)
 Metaspace       used 161723K, committed 163200K, reserved 1245184K
  class space    used 20904K, committed 21568K, reserved 1048576K
}
Event: 304.960 GC heap before
{Heap before GC invocations=134 (full 0):
 garbage-first heap   total 542720K, used 455267K [0x0000000700000000, 0x0000000800000000)
  region size 2048K, 23 young (47104K), 5 survivors (10240K)
 Metaspace       used 161955K, committed 163328K, reserved 1245184K
  class space    used 20920K, committed 21568K, reserved 1048576K
}
Event: 305.020 GC heap after
{Heap after GC invocations=135 (full 0):
 garbage-first heap   total 542720K, used 427987K [0x0000000700000000, 0x0000000800000000)
  region size 2048K, 3 young (6144K), 3 survivors (6144K)
 Metaspace       used 161955K, committed 163328K, reserved 1245184K
  class space    used 20920K, committed 21568K, reserved 1048576K
}
Event: 306.467 GC heap before
{Heap before GC invocations=135 (full 0):
 garbage-first heap   total 542720K, used 462803K [0x0000000700000000, 0x0000000800000000)
  region size 2048K, 20 young (40960K), 3 survivors (6144K)
 Metaspace       used 162122K, committed 163648K, reserved 1245184K
  class space    used 20941K, committed 21632K, reserved 1048576K
}
Event: 306.523 GC heap after
{Heap after GC invocations=136 (full 0):
 garbage-first heap   total 542720K, used 433290K [0x0000000700000000, 0x0000000800000000)
  region size 2048K, 3 young (6144K), 3 survivors (6144K)
 Metaspace       used 162122K, committed 163648K, reserved 1245184K
  class space    used 20941K, committed 21632K, reserved 1048576K
}
Event: 307.816 GC heap before
{Heap before GC invocations=136 (full 0):
 garbage-first heap   total 542720K, used 466058K [0x0000000700000000, 0x0000000800000000)
  region size 2048K, 18 young (36864K), 3 survivors (6144K)
 Metaspace       used 162145K, committed 163648K, reserved 1245184K
  class space    used 20943K, committed 21632K, reserved 1048576K
}
Event: 307.844 GC heap after
{Heap after GC invocations=137 (full 0):
 garbage-first heap   total 690176K, used 441480K [0x0000000700000000, 0x0000000800000000)
  region size 2048K, 3 young (6144K), 3 survivors (6144K)
 Metaspace       used 162145K, committed 163648K, reserved 1245184K
  class space    used 20943K, committed 21632K, reserved 1048576K
}
Event: 410.402 GC heap before
{Heap before GC invocations=137 (full 0):
 garbage-first heap   total 690176K, used 572552K [0x0000000700000000, 0x0000000800000000)
  region size 2048K, 56 young (114688K), 3 survivors (6144K)
 Metaspace       used 162958K, committed 164480K, reserved 1245184K
  class space    used 21065K, committed 21760K, reserved 1048576K
}
Event: 410.420 GC heap after
{Heap after GC invocations=138 (full 0):
 garbage-first heap   total 690176K, used 441828K [0x0000000700000000, 0x0000000800000000)
  region size 2048K, 3 young (6144K), 3 survivors (6144K)
 Metaspace       used 162958K, committed 164480K, reserved 1245184K
  class space    used 21065K, committed 21760K, reserved 1048576K
}
Event: 415.972 GC heap before
{Heap before GC invocations=138 (full 0):
 garbage-first heap   total 690176K, used 556516K [0x0000000700000000, 0x0000000800000000)
  region size 2048K, 60 young (122880K), 3 survivors (6144K)
 Metaspace       used 163375K, committed 164928K, reserved 1245184K
  class space    used 21091K, committed 21760K, reserved 1048576K
}
Event: 416.012 GC heap after
{Heap after GC invocations=139 (full 0):
 garbage-first heap   total 690176K, used 455574K [0x0000000700000000, 0x0000000800000000)
  region size 2048K, 8 young (16384K), 8 survivors (16384K)
 Metaspace       used 163375K, committed 164928K, reserved 1245184K
  class space    used 21091K, committed 21760K, reserved 1048576K
}

